<?xml version="1.0" encoding="UTF-8"?>
<!-- Generated by org.testng.reporters.JUnitXMLReporter -->
<testsuite ignored="0" hostname="AGLK-LAP-237" failures="1" tests="1" name="Default test" time="307.706" errors="0" timestamp="2022-11-18T13:07:03 IST">
  <testcase classname="cucumber.api.testng.AbstractTestNGCucumberTests" name="runScenario" time="298.332">
    <failure type="java.lang.RuntimeException" message="See the reporter for details.">
      <![CDATA[java.lang.RuntimeException: See the reporter for details.
at utils.Reporter.reportStep(Reporter.java:92)
at utils.Reporter.reportStep(Reporter.java:106)
at base.SeleniumBase.locateElement(SeleniumBase.java:610)
at pages.List.ClickFirstLink(List.java:156)
at âœ½.click on the first Link nearby end(file:src/main/java/features/F09_List.feature:22)
]]>
    </failure>
  </testcase> <!-- runScenario -->
</testsuite> <!-- Default test -->
