<?xml version="1.0" encoding="UTF-8"?>
<!-- Generated by org.testng.reporters.JUnitReportReporter -->
<testsuite hostname="AGLK-LAP-237" failures="0" tests="1" name="testcases.TC002_SADemo1" time="104.688" errors="1" timestamp="2022-09-15T13:10:44 IST" skipped="0">
  <testcase classname="testcases.TC002_SADemo1" name="runScenario" time="104.688">
    <error message="See the reporter for details." type="java.lang.RuntimeException">
      <![CDATA[java.lang.RuntimeException: See the reporter for details.
at utils.Reporter.reportStep(Reporter.java:92)
at utils.Reporter.reportStep(Reporter.java:106)
at base.SeleniumBase.locateElement(SeleniumBase.java:610)
at pages.SADemo1.PickclickLogin1(SADemo1.java:131)
at âœ½.Pick and click Login button(file:src/main/java/features/F02_SADemo1.feature:13)
]]>
    </error>
  </testcase> <!-- runScenario -->
  <system-out/>
</testsuite> <!-- testcases.TC002_SADemo1 -->
