<?xml version="1.0" encoding="UTF-8"?>
<!-- Generated by org.testng.reporters.JUnitReportReporter -->
<testsuite hostname="AGLK-LAP-237" failures="0" tests="1" name="testcases.FailedTestCase" time="307.405" errors="1" timestamp="2022-11-18T13:07:04 IST" skipped="0">
  <testcase classname="testcases.FailedTestCase" name="runScenario" time="307.405">
    <error message="See the reporter for details." type="java.lang.RuntimeException">
      <![CDATA[java.lang.RuntimeException: See the reporter for details.
at utils.Reporter.reportStep(Reporter.java:92)
at utils.Reporter.reportStep(Reporter.java:106)
at base.SeleniumBase.locateElement(SeleniumBase.java:610)
at pages.List.ClickFirstLink(List.java:156)
at âœ½.click on the first Link nearby end(file:src/main/java/features/F09_List.feature:22)
]]>
    </error>
  </testcase> <!-- runScenario -->
  <system-out/>
</testsuite> <!-- testcases.FailedTestCase -->
