<?xml version="1.0" encoding="UTF-8"?>
<!-- Generated by org.testng.reporters.JUnitReportReporter -->
<testsuite hostname="AGLK-LAP-237" failures="1" tests="34" name="testcases.TC001_Verify_amber_connect" time="4034.631" errors="1" timestamp="2022-09-15T19:07:31 IST" skipped="0">
  <testcase classname="testcases.TC001_Verify_amber_connect" name="runScenario" time="200.343"/>
  <system-out/>
  <testcase classname="testcases.TC001_Verify_amber_connect" name="runScenario" time="94.784"/>
  <system-out/>
  <testcase classname="testcases.TC001_Verify_amber_connect" name="runScenario" time="28.257">
    <failure message="Assertion for the incorrect fleetID is Unsuccessful expected [Error! The fleet Id or email/user name or password you entered is incorrect] but found []" type="java.lang.AssertionError">
      <![CDATA[java.lang.AssertionError: Assertion for the incorrect fleetID is Unsuccessful expected [Error! The fleet Id or email/user name or password you entered is incorrect] but found []
at org.testng.Assert.fail(Assert.java:110)
at org.testng.Assert.failNotEquals(Assert.java:1413)
at org.testng.Assert.assertEqualsImpl(Assert.java:149)
at org.testng.Assert.assertEquals(Assert.java:131)
at org.testng.Assert.assertEquals(Assert.java:655)
at pages.LoginPage.Error_message1(LoginPage.java:92)
at ✽.Need to show error message1(file:src/main/java/features/F01_Login.feature:13)
]]>
    </failure>
  </testcase> <!-- runScenario -->
  <system-out/>
  <testcase classname="testcases.TC001_Verify_amber_connect" name="runScenario" time="24.050"/>
  <system-out/>
  <testcase classname="testcases.TC001_Verify_amber_connect" name="runScenario" time="136.243"/>
  <system-out/>
  <testcase classname="testcases.TC001_Verify_amber_connect" name="runScenario" time="51.153"/>
  <system-out/>
  <testcase classname="testcases.TC001_Verify_amber_connect" name="runScenario" time="193.172"/>
  <system-out/>
  <testcase classname="testcases.TC001_Verify_amber_connect" name="runScenario" time="187.445"/>
  <system-out/>
  <testcase classname="testcases.TC001_Verify_amber_connect" name="runScenario" time="147.573"/>
  <system-out/>
  <testcase classname="testcases.TC001_Verify_amber_connect" name="runScenario" time="192.036"/>
  <system-out/>
  <testcase classname="testcases.TC001_Verify_amber_connect" name="runScenario" time="105.974"/>
  <system-out/>
  <testcase classname="testcases.TC001_Verify_amber_connect" name="runScenario" time="194.485"/>
  <system-out/>
  <testcase classname="testcases.TC001_Verify_amber_connect" name="runScenario" time="100.148"/>
  <system-out/>
  <testcase classname="testcases.TC001_Verify_amber_connect" name="runScenario" time="104.472"/>
  <system-out/>
  <testcase classname="testcases.TC001_Verify_amber_connect" name="runScenario" time="103.832"/>
  <system-out/>
  <testcase classname="testcases.TC001_Verify_amber_connect" name="runScenario" time="133.557">
    <error message="See the reporter for details." type="java.lang.RuntimeException">
      <![CDATA[java.lang.RuntimeException: See the reporter for details.
at utils.Reporter.reportStep(Reporter.java:92)
at utils.Reporter.reportStep(Reporter.java:106)
at base.SeleniumBase.click(SeleniumBase.java:146)
at pages.Dashboard.ClickSADemo1Trips(Dashboard.java:225)
at ✽.Click on the SADemo1 vehicle for the trips(file:src/main/java/features/F03_Dashboard.feature:33)
]]>
    </error>
  </testcase> <!-- runScenario -->
  <system-out/>
  <testcase classname="testcases.TC001_Verify_amber_connect" name="runScenario" time="99.640"/>
  <system-out/>
  <testcase classname="testcases.TC001_Verify_amber_connect" name="runScenario" time="186.419"/>
  <system-out/>
  <testcase classname="testcases.TC001_Verify_amber_connect" name="runScenario" time="24.240"/>
  <system-out/>
  <testcase classname="testcases.TC001_Verify_amber_connect" name="runScenario" time="93.042"/>
  <system-out/>
  <testcase classname="testcases.TC001_Verify_amber_connect" name="runScenario" time="184.916"/>
  <system-out/>
  <testcase classname="testcases.TC001_Verify_amber_connect" name="runScenario" time="24.541"/>
  <system-out/>
  <testcase classname="testcases.TC001_Verify_amber_connect" name="runScenario" time="94.494"/>
  <system-out/>
  <testcase classname="testcases.TC001_Verify_amber_connect" name="runScenario" time="98.643"/>
  <system-out/>
  <testcase classname="testcases.TC001_Verify_amber_connect" name="runScenario" time="188.808"/>
  <system-out/>
  <testcase classname="testcases.TC001_Verify_amber_connect" name="runScenario" time="120.123"/>
  <system-out/>
  <testcase classname="testcases.TC001_Verify_amber_connect" name="runScenario" time="102.543"/>
  <system-out/>
  <testcase classname="testcases.TC001_Verify_amber_connect" name="runScenario" time="61.261"/>
  <system-out/>
  <testcase classname="testcases.TC001_Verify_amber_connect" name="runScenario" time="25.402"/>
  <system-out/>
  <testcase classname="testcases.TC001_Verify_amber_connect" name="runScenario" time="124.229"/>
  <system-out/>
  <testcase classname="testcases.TC001_Verify_amber_connect" name="runScenario" time="203.443"/>
  <system-out/>
  <testcase classname="testcases.TC001_Verify_amber_connect" name="runScenario" time="104.568"/>
  <system-out/>
  <testcase classname="testcases.TC001_Verify_amber_connect" name="runScenario" time="104.289"/>
  <system-out/>
  <testcase classname="testcases.TC001_Verify_amber_connect" name="runScenario" time="196.506"/>
  <system-out/>
</testsuite> <!-- testcases.TC001_Verify_amber_connect -->
