<?xml version="1.0" encoding="UTF-8"?>
<!-- Generated by org.testng.reporters.JUnitReportReporter -->
<testsuite hostname="AGLK-LAP-237" failures="0" tests="10" name="testcases.TC004_Vehicle_status" time="1333.237" errors="2" timestamp="2022-09-14T15:48:31 IST" skipped="0">
  <testcase classname="testcases.TC004_Vehicle_status" name="runScenario" time="132.548"/>
  <system-out/>
  <testcase classname="testcases.TC004_Vehicle_status" name="runScenario" time="86.554">
    <error message="See the reporter for details." type="java.lang.RuntimeException">
      <![CDATA[java.lang.RuntimeException: See the reporter for details.
at utils.Reporter.reportStep(Reporter.java:92)
at utils.Reporter.reportStep(Reporter.java:106)
at base.SeleniumBase.locateElement(SeleniumBase.java:613)
at pages.Vehicle_status.BirdEyeview(Vehicle_status.java:73)
at ✽.Click on the bird eye view icon for the vehicle status(file:src/main/java/features/F04_Vehicle_Status.feature:114)
]]>
    </error>
  </testcase> <!-- runScenario -->
  <system-out/>
  <testcase classname="testcases.TC004_Vehicle_status" name="runScenario" time="217.221"/>
  <system-out/>
  <testcase classname="testcases.TC004_Vehicle_status" name="runScenario" time="138.932"/>
  <system-out/>
  <testcase classname="testcases.TC004_Vehicle_status" name="runScenario" time="123.037"/>
  <system-out/>
  <testcase classname="testcases.TC004_Vehicle_status" name="runScenario" time="135.970"/>
  <system-out/>
  <testcase classname="testcases.TC004_Vehicle_status" name="runScenario" time="125.176"/>
  <system-out/>
  <testcase classname="testcases.TC004_Vehicle_status" name="runScenario" time="131.025"/>
  <system-out/>
  <testcase classname="testcases.TC004_Vehicle_status" name="runScenario" time="121.805">
    <error message="See the reporter for details." type="java.lang.RuntimeException">
      <![CDATA[java.lang.RuntimeException: See the reporter for details.
at utils.Reporter.reportStep(Reporter.java:92)
at utils.Reporter.reportStep(Reporter.java:106)
at base.SeleniumBase.click(SeleniumBase.java:143)
at pages.Vehicle_status.clickFilter1(Vehicle_status.java:82)
at ✽.click the Filter icon and select Demo group under the All subgroups and choose SAdemo group and apply(file:src/main/java/features/F04_Vehicle_Status.feature:43)
]]>
    </error>
  </testcase> <!-- runScenario -->
  <system-out/>
  <testcase classname="testcases.TC004_Vehicle_status" name="runScenario" time="120.969"/>
  <system-out/>
</testsuite> <!-- testcases.TC004_Vehicle_status -->
